16-May-2025 17:02:16.279 INFO [main] org.apache.catalina.startup.VersionLoggerListener.log Server version name:   Apache Tomcat/9.0.102
16-May-2025 17:02:16.283 INFO [main] org.apache.catalina.startup.VersionLoggerListener.log Server built:          Mar 3 2025 19:33:14 UTC
16-May-2025 17:02:16.283 INFO [main] org.apache.catalina.startup.VersionLoggerListener.log Server version number: 9.0.102.0
16-May-2025 17:02:16.283 INFO [main] org.apache.catalina.startup.VersionLoggerListener.log OS Name:               Windows 11
16-May-2025 17:02:16.283 INFO [main] org.apache.catalina.startup.VersionLoggerListener.log OS Version:            10.0
16-May-2025 17:02:16.283 INFO [main] org.apache.catalina.startup.VersionLoggerListener.log Architecture:          amd64
16-May-2025 17:02:16.283 INFO [main] org.apache.catalina.startup.VersionLoggerListener.log Java Home:             C:\Program Files\Java\jdk-23
16-May-2025 17:02:16.283 INFO [main] org.apache.catalina.startup.VersionLoggerListener.log JVM Version:           23+37-2369
16-May-2025 17:02:16.283 INFO [main] org.apache.catalina.startup.VersionLoggerListener.log JVM Vendor:            Oracle Corporation
16-May-2025 17:02:16.283 INFO [main] org.apache.catalina.startup.VersionLoggerListener.log CATALINA_BASE:         C:\Users\yasir\IdeaProjects\secondHandCarPlatform
16-May-2025 17:02:16.284 INFO [main] org.apache.catalina.startup.VersionLoggerListener.log CATALINA_HOME:         C:\apache-tomcat-server\apache-tomcat-9.0.102-windows-x64\apache-tomcat-9.0.102
16-May-2025 17:02:16.291 INFO [main] org.apache.catalina.startup.VersionLoggerListener.log Command line argument: --add-opens=java.base/java.lang=ALL-UNNAMED
16-May-2025 17:02:16.291 INFO [main] org.apache.catalina.startup.VersionLoggerListener.log Command line argument: --add-opens=java.base/java.io=ALL-UNNAMED
16-May-2025 17:02:16.291 INFO [main] org.apache.catalina.startup.VersionLoggerListener.log Command line argument: --add-opens=java.base/java.util=ALL-UNNAMED
16-May-2025 17:02:16.291 INFO [main] org.apache.catalina.startup.VersionLoggerListener.log Command line argument: --add-opens=java.base/java.util.concurrent=ALL-UNNAMED
16-May-2025 17:02:16.291 INFO [main] org.apache.catalina.startup.VersionLoggerListener.log Command line argument: --add-opens=java.rmi/sun.rmi.transport=ALL-UNNAMED
16-May-2025 17:02:16.291 INFO [main] org.apache.catalina.startup.VersionLoggerListener.log Command line argument: -Dcatalina.home=C:\apache-tomcat-server\apache-tomcat-9.0.102-windows-x64\apache-tomcat-9.0.102
16-May-2025 17:02:16.291 INFO [main] org.apache.catalina.startup.VersionLoggerListener.log Command line argument: -Dcatalina.base=C:\Users\yasir\IdeaProjects\secondHandCarPlatform
16-May-2025 17:02:16.291 INFO [main] org.apache.catalina.startup.VersionLoggerListener.log Command line argument: -Djava.io.tmpdir=C:\Users\yasir\IdeaProjects\secondHandCarPlatform\temp
16-May-2025 17:02:16.291 INFO [main] org.apache.catalina.startup.VersionLoggerListener.log Command line argument: -Djava.util.logging.config.file=C:\Users\yasir\IdeaProjects\secondHandCarPlatform\conf\logging.properties
16-May-2025 17:02:16.291 INFO [main] org.apache.catalina.startup.VersionLoggerListener.log Command line argument: -Djava.util.logging.manager=org.apache.juli.ClassLoaderLogManager
16-May-2025 17:02:16.292 INFO [main] org.apache.catalina.startup.VersionLoggerListener.log Command line argument: -javaagent:C:\Program Files\JetBrains\IntelliJ IDEA Community Edition 2024.3.3\lib\idea_rt.jar=58311:C:\Program Files\JetBrains\IntelliJ IDEA Community Edition 2024.3.3\bin
16-May-2025 17:02:16.292 INFO [main] org.apache.catalina.startup.VersionLoggerListener.log Command line argument: -Dfile.encoding=UTF-8
16-May-2025 17:02:16.292 INFO [main] org.apache.catalina.startup.VersionLoggerListener.log Command line argument: -Dsun.stdout.encoding=UTF-8
16-May-2025 17:02:16.292 INFO [main] org.apache.catalina.startup.VersionLoggerListener.log Command line argument: -Dsun.stderr.encoding=UTF-8
16-May-2025 17:02:21.226 INFO [main] org.apache.catalina.core.AprLifecycleListener.lifecycleEvent Loaded Apache Tomcat Native library [1.3.1] using APR version [1.7.4].
16-May-2025 17:02:21.226 INFO [main] org.apache.catalina.core.AprLifecycleListener.lifecycleEvent APR capabilities: IPv6 [true], sendfile [true], accept filters [false], random [true], UDS [true].
16-May-2025 17:02:21.226 INFO [main] org.apache.catalina.core.AprLifecycleListener.lifecycleEvent APR/OpenSSL configuration: useAprConnector [false], useOpenSSL [true]
16-May-2025 17:02:21.254 INFO [main] org.apache.catalina.core.AprLifecycleListener.initializeSSL OpenSSL successfully initialized [OpenSSL 3.0.14 4 Jun 2024]
16-May-2025 17:02:21.581 INFO [main] org.apache.coyote.AbstractProtocol.init Initializing ProtocolHandler ["http-nio-8080"]
16-May-2025 17:02:21.595 INFO [main] org.apache.catalina.startup.Catalina.load Server initialization in [5516] milliseconds
16-May-2025 17:02:21.646 INFO [main] org.apache.catalina.core.StandardService.startInternal Starting service [Catalina]
16-May-2025 17:02:21.646 INFO [main] org.apache.catalina.core.StandardEngine.startInternal Starting Servlet engine: [Apache Tomcat/9.0.102]
16-May-2025 17:02:21.656 INFO [main] org.apache.catalina.startup.HostConfig.deployDescriptor Deploying deployment descriptor [C:\Users\yasir\IdeaProjects\secondHandCarPlatform\conf\Catalina\localhost\secondHandCarPlatform.xml]
16-May-2025 17:02:22.053 INFO [main] org.apache.catalina.startup.HostConfig.deployDescriptor Deployment of deployment descriptor [C:\Users\yasir\IdeaProjects\secondHandCarPlatform\conf\Catalina\localhost\secondHandCarPlatform.xml] has finished in [397] ms
16-May-2025 17:02:22.058 INFO [main] org.apache.coyote.AbstractProtocol.start Starting ProtocolHandler ["http-nio-8080"]
16-May-2025 17:02:22.080 INFO [main] org.apache.catalina.startup.Catalina.start Server startup in [483] milliseconds
16-May-2025 17:27:03.268 INFO [Thread-1] org.apache.coyote.AbstractProtocol.pause Pausing ProtocolHandler ["http-nio-8080"]
16-May-2025 17:27:03.332 INFO [Thread-1] org.apache.catalina.core.StandardService.stopInternal Stopping service [Catalina]
16-May-2025 17:27:03.555 INFO [Thread-1] org.apache.coyote.AbstractProtocol.stop Stopping ProtocolHandler ["http-nio-8080"]
16-May-2025 17:27:03.575 INFO [Thread-1] org.apache.coyote.AbstractProtocol.destroy Destroying ProtocolHandler ["http-nio-8080"]
16-May-2025 17:27:08.046 INFO [main] org.apache.catalina.startup.VersionLoggerListener.log Server version name:   Apache Tomcat/9.0.102
16-May-2025 17:27:08.051 INFO [main] org.apache.catalina.startup.VersionLoggerListener.log Server built:          Mar 3 2025 19:33:14 UTC
16-May-2025 17:27:08.052 INFO [main] org.apache.catalina.startup.VersionLoggerListener.log Server version number: 9.0.102.0
16-May-2025 17:27:08.052 INFO [main] org.apache.catalina.startup.VersionLoggerListener.log OS Name:               Windows 11
16-May-2025 17:27:08.052 INFO [main] org.apache.catalina.startup.VersionLoggerListener.log OS Version:            10.0
16-May-2025 17:27:08.052 INFO [main] org.apache.catalina.startup.VersionLoggerListener.log Architecture:          amd64
16-May-2025 17:27:08.053 INFO [main] org.apache.catalina.startup.VersionLoggerListener.log Java Home:             C:\Program Files\Java\jdk-23
16-May-2025 17:27:08.053 INFO [main] org.apache.catalina.startup.VersionLoggerListener.log JVM Version:           23+37-2369
16-May-2025 17:27:08.053 INFO [main] org.apache.catalina.startup.VersionLoggerListener.log JVM Vendor:            Oracle Corporation
16-May-2025 17:27:08.053 INFO [main] org.apache.catalina.startup.VersionLoggerListener.log CATALINA_BASE:         C:\Users\yasir\IdeaProjects\secondHandCarPlatform
16-May-2025 17:27:08.053 INFO [main] org.apache.catalina.startup.VersionLoggerListener.log CATALINA_HOME:         C:\apache-tomcat-server\apache-tomcat-9.0.102-windows-x64\apache-tomcat-9.0.102
16-May-2025 17:27:08.060 INFO [main] org.apache.catalina.startup.VersionLoggerListener.log Command line argument: --add-opens=java.base/java.lang=ALL-UNNAMED
16-May-2025 17:27:08.060 INFO [main] org.apache.catalina.startup.VersionLoggerListener.log Command line argument: --add-opens=java.base/java.io=ALL-UNNAMED
16-May-2025 17:27:08.060 INFO [main] org.apache.catalina.startup.VersionLoggerListener.log Command line argument: --add-opens=java.base/java.util=ALL-UNNAMED
16-May-2025 17:27:08.060 INFO [main] org.apache.catalina.startup.VersionLoggerListener.log Command line argument: --add-opens=java.base/java.util.concurrent=ALL-UNNAMED
16-May-2025 17:27:08.060 INFO [main] org.apache.catalina.startup.VersionLoggerListener.log Command line argument: --add-opens=java.rmi/sun.rmi.transport=ALL-UNNAMED
16-May-2025 17:27:08.060 INFO [main] org.apache.catalina.startup.VersionLoggerListener.log Command line argument: -Dcatalina.home=C:\apache-tomcat-server\apache-tomcat-9.0.102-windows-x64\apache-tomcat-9.0.102
16-May-2025 17:27:08.060 INFO [main] org.apache.catalina.startup.VersionLoggerListener.log Command line argument: -Dcatalina.base=C:\Users\yasir\IdeaProjects\secondHandCarPlatform
16-May-2025 17:27:08.060 INFO [main] org.apache.catalina.startup.VersionLoggerListener.log Command line argument: -Djava.io.tmpdir=C:\Users\yasir\IdeaProjects\secondHandCarPlatform\temp
16-May-2025 17:27:08.060 INFO [main] org.apache.catalina.startup.VersionLoggerListener.log Command line argument: -Djava.util.logging.config.file=C:\Users\yasir\IdeaProjects\secondHandCarPlatform\conf\logging.properties
16-May-2025 17:27:08.060 INFO [main] org.apache.catalina.startup.VersionLoggerListener.log Command line argument: -Djava.util.logging.manager=org.apache.juli.ClassLoaderLogManager
16-May-2025 17:27:08.060 INFO [main] org.apache.catalina.startup.VersionLoggerListener.log Command line argument: -javaagent:C:\Program Files\JetBrains\IntelliJ IDEA Community Edition 2024.3.3\lib\idea_rt.jar=58773:C:\Program Files\JetBrains\IntelliJ IDEA Community Edition 2024.3.3\bin
16-May-2025 17:27:08.061 INFO [main] org.apache.catalina.startup.VersionLoggerListener.log Command line argument: -Dfile.encoding=UTF-8
16-May-2025 17:27:08.061 INFO [main] org.apache.catalina.startup.VersionLoggerListener.log Command line argument: -Dsun.stdout.encoding=UTF-8
16-May-2025 17:27:08.061 INFO [main] org.apache.catalina.startup.VersionLoggerListener.log Command line argument: -Dsun.stderr.encoding=UTF-8
16-May-2025 17:27:08.066 INFO [main] org.apache.catalina.core.AprLifecycleListener.lifecycleEvent Loaded Apache Tomcat Native library [1.3.1] using APR version [1.7.4].
16-May-2025 17:27:08.066 INFO [main] org.apache.catalina.core.AprLifecycleListener.lifecycleEvent APR capabilities: IPv6 [true], sendfile [true], accept filters [false], random [true], UDS [true].
16-May-2025 17:27:08.066 INFO [main] org.apache.catalina.core.AprLifecycleListener.lifecycleEvent APR/OpenSSL configuration: useAprConnector [false], useOpenSSL [true]
16-May-2025 17:27:08.090 INFO [main] org.apache.catalina.core.AprLifecycleListener.initializeSSL OpenSSL successfully initialized [OpenSSL 3.0.14 4 Jun 2024]
16-May-2025 17:27:08.481 INFO [main] org.apache.coyote.AbstractProtocol.init Initializing ProtocolHandler ["http-nio-8080"]
16-May-2025 17:27:08.500 INFO [main] org.apache.catalina.startup.Catalina.load Server initialization in [689] milliseconds
16-May-2025 17:27:08.556 INFO [main] org.apache.catalina.core.StandardService.startInternal Starting service [Catalina]
16-May-2025 17:27:08.556 INFO [main] org.apache.catalina.core.StandardEngine.startInternal Starting Servlet engine: [Apache Tomcat/9.0.102]
16-May-2025 17:27:08.566 INFO [main] org.apache.catalina.startup.HostConfig.deployDescriptor Deploying deployment descriptor [C:\Users\yasir\IdeaProjects\secondHandCarPlatform\conf\Catalina\localhost\secondHandCarPlatform.xml]
16-May-2025 17:27:08.951 INFO [main] org.apache.catalina.startup.HostConfig.deployDescriptor Deployment of deployment descriptor [C:\Users\yasir\IdeaProjects\secondHandCarPlatform\conf\Catalina\localhost\secondHandCarPlatform.xml] has finished in [385] ms
16-May-2025 17:27:08.956 INFO [main] org.apache.coyote.AbstractProtocol.start Starting ProtocolHandler ["http-nio-8080"]
16-May-2025 17:27:08.978 INFO [main] org.apache.catalina.startup.Catalina.start Server startup in [476] milliseconds
16-May-2025 17:56:21.323 INFO [Thread-1] org.apache.coyote.AbstractProtocol.pause Pausing ProtocolHandler ["http-nio-8080"]
16-May-2025 17:56:21.424 INFO [Thread-1] org.apache.catalina.core.StandardService.stopInternal Stopping service [Catalina]
16-May-2025 17:56:22.046 INFO [Thread-1] org.apache.coyote.AbstractProtocol.stop Stopping ProtocolHandler ["http-nio-8080"]
16-May-2025 17:56:22.085 INFO [Thread-1] org.apache.coyote.AbstractProtocol.destroy Destroying ProtocolHandler ["http-nio-8080"]
16-May-2025 17:56:42.141 INFO [main] org.apache.catalina.startup.VersionLoggerListener.log Server version name:   Apache Tomcat/9.0.102
16-May-2025 17:56:42.148 INFO [main] org.apache.catalina.startup.VersionLoggerListener.log Server built:          Mar 3 2025 19:33:14 UTC
16-May-2025 17:56:42.148 INFO [main] org.apache.catalina.startup.VersionLoggerListener.log Server version number: 9.0.102.0
16-May-2025 17:56:42.148 INFO [main] org.apache.catalina.startup.VersionLoggerListener.log OS Name:               Windows 11
16-May-2025 17:56:42.148 INFO [main] org.apache.catalina.startup.VersionLoggerListener.log OS Version:            10.0
16-May-2025 17:56:42.148 INFO [main] org.apache.catalina.startup.VersionLoggerListener.log Architecture:          amd64
16-May-2025 17:56:42.149 INFO [main] org.apache.catalina.startup.VersionLoggerListener.log Java Home:             C:\Program Files\Java\jdk-23
16-May-2025 17:56:42.149 INFO [main] org.apache.catalina.startup.VersionLoggerListener.log JVM Version:           23+37-2369
16-May-2025 17:56:42.149 INFO [main] org.apache.catalina.startup.VersionLoggerListener.log JVM Vendor:            Oracle Corporation
16-May-2025 17:56:42.149 INFO [main] org.apache.catalina.startup.VersionLoggerListener.log CATALINA_BASE:         C:\Users\yasir\IdeaProjects\secondHandCarPlatform
16-May-2025 17:56:42.149 INFO [main] org.apache.catalina.startup.VersionLoggerListener.log CATALINA_HOME:         C:\apache-tomcat-server\apache-tomcat-9.0.102-windows-x64\apache-tomcat-9.0.102
16-May-2025 17:56:42.163 INFO [main] org.apache.catalina.startup.VersionLoggerListener.log Command line argument: --add-opens=java.base/java.lang=ALL-UNNAMED
16-May-2025 17:56:42.163 INFO [main] org.apache.catalina.startup.VersionLoggerListener.log Command line argument: --add-opens=java.base/java.io=ALL-UNNAMED
16-May-2025 17:56:42.164 INFO [main] org.apache.catalina.startup.VersionLoggerListener.log Command line argument: --add-opens=java.base/java.util=ALL-UNNAMED
16-May-2025 17:56:42.164 INFO [main] org.apache.catalina.startup.VersionLoggerListener.log Command line argument: --add-opens=java.base/java.util.concurrent=ALL-UNNAMED
16-May-2025 17:56:42.164 INFO [main] org.apache.catalina.startup.VersionLoggerListener.log Command line argument: --add-opens=java.rmi/sun.rmi.transport=ALL-UNNAMED
16-May-2025 17:56:42.164 INFO [main] org.apache.catalina.startup.VersionLoggerListener.log Command line argument: -Dcatalina.home=C:\apache-tomcat-server\apache-tomcat-9.0.102-windows-x64\apache-tomcat-9.0.102
16-May-2025 17:56:42.164 INFO [main] org.apache.catalina.startup.VersionLoggerListener.log Command line argument: -Dcatalina.base=C:\Users\yasir\IdeaProjects\secondHandCarPlatform
16-May-2025 17:56:42.164 INFO [main] org.apache.catalina.startup.VersionLoggerListener.log Command line argument: -Djava.io.tmpdir=C:\Users\yasir\IdeaProjects\secondHandCarPlatform\temp
16-May-2025 17:56:42.164 INFO [main] org.apache.catalina.startup.VersionLoggerListener.log Command line argument: -Djava.util.logging.config.file=C:\Users\yasir\IdeaProjects\secondHandCarPlatform\conf\logging.properties
16-May-2025 17:56:42.164 INFO [main] org.apache.catalina.startup.VersionLoggerListener.log Command line argument: -Djava.util.logging.manager=org.apache.juli.ClassLoaderLogManager
16-May-2025 17:56:42.164 INFO [main] org.apache.catalina.startup.VersionLoggerListener.log Command line argument: -javaagent:C:\Program Files\JetBrains\IntelliJ IDEA Community Edition 2024.3.3\lib\idea_rt.jar=59905:C:\Program Files\JetBrains\IntelliJ IDEA Community Edition 2024.3.3\bin
16-May-2025 17:56:42.164 INFO [main] org.apache.catalina.startup.VersionLoggerListener.log Command line argument: -Dfile.encoding=UTF-8
16-May-2025 17:56:42.164 INFO [main] org.apache.catalina.startup.VersionLoggerListener.log Command line argument: -Dsun.stdout.encoding=UTF-8
16-May-2025 17:56:42.164 INFO [main] org.apache.catalina.startup.VersionLoggerListener.log Command line argument: -Dsun.stderr.encoding=UTF-8
16-May-2025 17:56:42.178 INFO [main] org.apache.catalina.core.AprLifecycleListener.lifecycleEvent Loaded Apache Tomcat Native library [1.3.1] using APR version [1.7.4].
16-May-2025 17:56:42.179 INFO [main] org.apache.catalina.core.AprLifecycleListener.lifecycleEvent APR capabilities: IPv6 [true], sendfile [true], accept filters [false], random [true], UDS [true].
16-May-2025 17:56:42.179 INFO [main] org.apache.catalina.core.AprLifecycleListener.lifecycleEvent APR/OpenSSL configuration: useAprConnector [false], useOpenSSL [true]
16-May-2025 17:56:42.222 INFO [main] org.apache.catalina.core.AprLifecycleListener.initializeSSL OpenSSL successfully initialized [OpenSSL 3.0.14 4 Jun 2024]
16-May-2025 17:56:42.761 INFO [main] org.apache.coyote.AbstractProtocol.init Initializing ProtocolHandler ["http-nio-8080"]
16-May-2025 17:56:42.780 INFO [main] org.apache.catalina.startup.Catalina.load Server initialization in [1364] milliseconds
16-May-2025 17:56:42.844 INFO [main] org.apache.catalina.core.StandardService.startInternal Starting service [Catalina]
16-May-2025 17:56:42.844 INFO [main] org.apache.catalina.core.StandardEngine.startInternal Starting Servlet engine: [Apache Tomcat/9.0.102]
16-May-2025 17:56:42.856 INFO [main] org.apache.catalina.startup.HostConfig.deployDescriptor Deploying deployment descriptor [C:\Users\yasir\IdeaProjects\secondHandCarPlatform\conf\Catalina\localhost\secondHandCarPlatform.xml]
16-May-2025 17:56:43.347 INFO [main] org.apache.catalina.startup.HostConfig.deployDescriptor Deployment of deployment descriptor [C:\Users\yasir\IdeaProjects\secondHandCarPlatform\conf\Catalina\localhost\secondHandCarPlatform.xml] has finished in [489] ms
16-May-2025 17:56:43.352 INFO [main] org.apache.coyote.AbstractProtocol.start Starting ProtocolHandler ["http-nio-8080"]
16-May-2025 17:56:43.379 INFO [main] org.apache.catalina.startup.Catalina.start Server startup in [597] milliseconds
16-May-2025 18:10:24.955 INFO [main] org.apache.catalina.startup.VersionLoggerListener.log Server version name:   Apache Tomcat/9.0.102
16-May-2025 18:10:24.958 INFO [main] org.apache.catalina.startup.VersionLoggerListener.log Server built:          Mar 3 2025 19:33:14 UTC
16-May-2025 18:10:24.959 INFO [main] org.apache.catalina.startup.VersionLoggerListener.log Server version number: 9.0.102.0
16-May-2025 18:10:24.959 INFO [main] org.apache.catalina.startup.VersionLoggerListener.log OS Name:               Windows 11
16-May-2025 18:10:24.959 INFO [main] org.apache.catalina.startup.VersionLoggerListener.log OS Version:            10.0
16-May-2025 18:10:24.959 INFO [main] org.apache.catalina.startup.VersionLoggerListener.log Architecture:          amd64
16-May-2025 18:10:24.959 INFO [main] org.apache.catalina.startup.VersionLoggerListener.log Java Home:             C:\Program Files\Java\jdk-23
16-May-2025 18:10:24.959 INFO [main] org.apache.catalina.startup.VersionLoggerListener.log JVM Version:           23+37-2369
16-May-2025 18:10:24.959 INFO [main] org.apache.catalina.startup.VersionLoggerListener.log JVM Vendor:            Oracle Corporation
16-May-2025 18:10:24.959 INFO [main] org.apache.catalina.startup.VersionLoggerListener.log CATALINA_BASE:         C:\Users\yasir\IdeaProjects\secondHandCarPlatform
16-May-2025 18:10:24.959 INFO [main] org.apache.catalina.startup.VersionLoggerListener.log CATALINA_HOME:         C:\apache-tomcat-server\apache-tomcat-9.0.102-windows-x64\apache-tomcat-9.0.102
16-May-2025 18:10:24.967 INFO [main] org.apache.catalina.startup.VersionLoggerListener.log Command line argument: --add-opens=java.base/java.lang=ALL-UNNAMED
16-May-2025 18:10:24.967 INFO [main] org.apache.catalina.startup.VersionLoggerListener.log Command line argument: --add-opens=java.base/java.io=ALL-UNNAMED
16-May-2025 18:10:24.967 INFO [main] org.apache.catalina.startup.VersionLoggerListener.log Command line argument: --add-opens=java.base/java.util=ALL-UNNAMED
16-May-2025 18:10:24.967 INFO [main] org.apache.catalina.startup.VersionLoggerListener.log Command line argument: --add-opens=java.base/java.util.concurrent=ALL-UNNAMED
16-May-2025 18:10:24.967 INFO [main] org.apache.catalina.startup.VersionLoggerListener.log Command line argument: --add-opens=java.rmi/sun.rmi.transport=ALL-UNNAMED
16-May-2025 18:10:24.968 INFO [main] org.apache.catalina.startup.VersionLoggerListener.log Command line argument: -Dcatalina.home=C:\apache-tomcat-server\apache-tomcat-9.0.102-windows-x64\apache-tomcat-9.0.102
16-May-2025 18:10:24.968 INFO [main] org.apache.catalina.startup.VersionLoggerListener.log Command line argument: -Dcatalina.base=C:\Users\yasir\IdeaProjects\secondHandCarPlatform
16-May-2025 18:10:24.968 INFO [main] org.apache.catalina.startup.VersionLoggerListener.log Command line argument: -Djava.io.tmpdir=C:\Users\yasir\IdeaProjects\secondHandCarPlatform\temp
16-May-2025 18:10:24.968 INFO [main] org.apache.catalina.startup.VersionLoggerListener.log Command line argument: -Djava.util.logging.config.file=C:\Users\yasir\IdeaProjects\secondHandCarPlatform\conf\logging.properties
16-May-2025 18:10:24.968 INFO [main] org.apache.catalina.startup.VersionLoggerListener.log Command line argument: -Djava.util.logging.manager=org.apache.juli.ClassLoaderLogManager
16-May-2025 18:10:24.968 INFO [main] org.apache.catalina.startup.VersionLoggerListener.log Command line argument: -javaagent:C:\Program Files\JetBrains\IntelliJ IDEA Community Edition 2024.3.3\lib\idea_rt.jar=60424:C:\Program Files\JetBrains\IntelliJ IDEA Community Edition 2024.3.3\bin
16-May-2025 18:10:24.968 INFO [main] org.apache.catalina.startup.VersionLoggerListener.log Command line argument: -Dfile.encoding=UTF-8
16-May-2025 18:10:24.968 INFO [main] org.apache.catalina.startup.VersionLoggerListener.log Command line argument: -Dsun.stdout.encoding=UTF-8
16-May-2025 18:10:24.968 INFO [main] org.apache.catalina.startup.VersionLoggerListener.log Command line argument: -Dsun.stderr.encoding=UTF-8
16-May-2025 18:10:24.976 INFO [main] org.apache.catalina.core.AprLifecycleListener.lifecycleEvent Loaded Apache Tomcat Native library [1.3.1] using APR version [1.7.4].
16-May-2025 18:10:24.976 INFO [main] org.apache.catalina.core.AprLifecycleListener.lifecycleEvent APR capabilities: IPv6 [true], sendfile [true], accept filters [false], random [true], UDS [true].
16-May-2025 18:10:24.976 INFO [main] org.apache.catalina.core.AprLifecycleListener.lifecycleEvent APR/OpenSSL configuration: useAprConnector [false], useOpenSSL [true]
16-May-2025 18:10:25.002 INFO [main] org.apache.catalina.core.AprLifecycleListener.initializeSSL OpenSSL successfully initialized [OpenSSL 3.0.14 4 Jun 2024]
16-May-2025 18:10:25.435 INFO [main] org.apache.coyote.AbstractProtocol.init Initializing ProtocolHandler ["http-nio-8080"]
16-May-2025 18:10:25.455 INFO [main] org.apache.catalina.startup.Catalina.load Server initialization in [732] milliseconds
16-May-2025 18:10:25.508 INFO [main] org.apache.catalina.core.StandardService.startInternal Starting service [Catalina]
16-May-2025 18:10:25.508 INFO [main] org.apache.catalina.core.StandardEngine.startInternal Starting Servlet engine: [Apache Tomcat/9.0.102]
16-May-2025 18:10:25.518 INFO [main] org.apache.catalina.startup.HostConfig.deployDescriptor Deploying deployment descriptor [C:\Users\yasir\IdeaProjects\secondHandCarPlatform\conf\Catalina\localhost\secondHandCarPlatform.xml]
16-May-2025 18:10:25.885 INFO [main] org.apache.jasper.servlet.TldScanner.scanJars At least one JAR was scanned for TLDs yet contained no TLDs. Enable debug logging for this logger for a complete list of JARs that were scanned but no TLDs were found in them. Skipping unneeded JARs during scanning can improve startup time and JSP compilation time.
16-May-2025 18:10:25.945 INFO [main] org.apache.catalina.startup.HostConfig.deployDescriptor Deployment of deployment descriptor [C:\Users\yasir\IdeaProjects\secondHandCarPlatform\conf\Catalina\localhost\secondHandCarPlatform.xml] has finished in [426] ms
16-May-2025 18:10:25.949 INFO [main] org.apache.coyote.AbstractProtocol.start Starting ProtocolHandler ["http-nio-8080"]
16-May-2025 18:10:25.972 INFO [main] org.apache.catalina.startup.Catalina.start Server startup in [515] milliseconds
16-May-2025 18:51:41.347 INFO [Thread-1] org.apache.coyote.AbstractProtocol.pause Pausing ProtocolHandler ["http-nio-8080"]
16-May-2025 18:51:41.450 INFO [Thread-1] org.apache.catalina.core.StandardService.stopInternal Stopping service [Catalina]
16-May-2025 18:51:41.907 INFO [Thread-1] org.apache.coyote.AbstractProtocol.stop Stopping ProtocolHandler ["http-nio-8080"]
16-May-2025 18:51:41.948 INFO [Thread-1] org.apache.coyote.AbstractProtocol.destroy Destroying ProtocolHandler ["http-nio-8080"]
16-May-2025 18:51:51.089 INFO [main] org.apache.catalina.startup.VersionLoggerListener.log Server version name:   Apache Tomcat/9.0.102
16-May-2025 18:51:51.092 INFO [main] org.apache.catalina.startup.VersionLoggerListener.log Server built:          Mar 3 2025 19:33:14 UTC
16-May-2025 18:51:51.092 INFO [main] org.apache.catalina.startup.VersionLoggerListener.log Server version number: 9.0.102.0
16-May-2025 18:51:51.093 INFO [main] org.apache.catalina.startup.VersionLoggerListener.log OS Name:               Windows 11
16-May-2025 18:51:51.093 INFO [main] org.apache.catalina.startup.VersionLoggerListener.log OS Version:            10.0
16-May-2025 18:51:51.093 INFO [main] org.apache.catalina.startup.VersionLoggerListener.log Architecture:          amd64
16-May-2025 18:51:51.093 INFO [main] org.apache.catalina.startup.VersionLoggerListener.log Java Home:             C:\Program Files\Java\jdk-23
16-May-2025 18:51:51.093 INFO [main] org.apache.catalina.startup.VersionLoggerListener.log JVM Version:           23+37-2369
16-May-2025 18:51:51.093 INFO [main] org.apache.catalina.startup.VersionLoggerListener.log JVM Vendor:            Oracle Corporation
16-May-2025 18:51:51.093 INFO [main] org.apache.catalina.startup.VersionLoggerListener.log CATALINA_BASE:         C:\Users\yasir\IdeaProjects\secondHandCarPlatform
16-May-2025 18:51:51.093 INFO [main] org.apache.catalina.startup.VersionLoggerListener.log CATALINA_HOME:         C:\apache-tomcat-server\apache-tomcat-9.0.102-windows-x64\apache-tomcat-9.0.102
16-May-2025 18:51:51.101 INFO [main] org.apache.catalina.startup.VersionLoggerListener.log Command line argument: --add-opens=java.base/java.lang=ALL-UNNAMED
16-May-2025 18:51:51.101 INFO [main] org.apache.catalina.startup.VersionLoggerListener.log Command line argument: --add-opens=java.base/java.io=ALL-UNNAMED
16-May-2025 18:51:51.101 INFO [main] org.apache.catalina.startup.VersionLoggerListener.log Command line argument: --add-opens=java.base/java.util=ALL-UNNAMED
16-May-2025 18:51:51.101 INFO [main] org.apache.catalina.startup.VersionLoggerListener.log Command line argument: --add-opens=java.base/java.util.concurrent=ALL-UNNAMED
16-May-2025 18:51:51.102 INFO [main] org.apache.catalina.startup.VersionLoggerListener.log Command line argument: --add-opens=java.rmi/sun.rmi.transport=ALL-UNNAMED
16-May-2025 18:51:51.102 INFO [main] org.apache.catalina.startup.VersionLoggerListener.log Command line argument: -Dcatalina.home=C:\apache-tomcat-server\apache-tomcat-9.0.102-windows-x64\apache-tomcat-9.0.102
16-May-2025 18:51:51.102 INFO [main] org.apache.catalina.startup.VersionLoggerListener.log Command line argument: -Dcatalina.base=C:\Users\yasir\IdeaProjects\secondHandCarPlatform
16-May-2025 18:51:51.102 INFO [main] org.apache.catalina.startup.VersionLoggerListener.log Command line argument: -Djava.io.tmpdir=C:\Users\yasir\IdeaProjects\secondHandCarPlatform\temp
16-May-2025 18:51:51.102 INFO [main] org.apache.catalina.startup.VersionLoggerListener.log Command line argument: -Djava.util.logging.config.file=C:\Users\yasir\IdeaProjects\secondHandCarPlatform\conf\logging.properties
16-May-2025 18:51:51.102 INFO [main] org.apache.catalina.startup.VersionLoggerListener.log Command line argument: -Djava.util.logging.manager=org.apache.juli.ClassLoaderLogManager
16-May-2025 18:51:51.102 INFO [main] org.apache.catalina.startup.VersionLoggerListener.log Command line argument: -javaagent:C:\Program Files\JetBrains\IntelliJ IDEA Community Edition 2024.3.3\lib\idea_rt.jar=62313:C:\Program Files\JetBrains\IntelliJ IDEA Community Edition 2024.3.3\bin
16-May-2025 18:51:51.102 INFO [main] org.apache.catalina.startup.VersionLoggerListener.log Command line argument: -Dfile.encoding=UTF-8
16-May-2025 18:51:51.103 INFO [main] org.apache.catalina.startup.VersionLoggerListener.log Command line argument: -Dsun.stdout.encoding=UTF-8
16-May-2025 18:51:51.103 INFO [main] org.apache.catalina.startup.VersionLoggerListener.log Command line argument: -Dsun.stderr.encoding=UTF-8
16-May-2025 18:51:51.109 INFO [main] org.apache.catalina.core.AprLifecycleListener.lifecycleEvent Loaded Apache Tomcat Native library [1.3.1] using APR version [1.7.4].
16-May-2025 18:51:51.110 INFO [main] org.apache.catalina.core.AprLifecycleListener.lifecycleEvent APR capabilities: IPv6 [true], sendfile [true], accept filters [false], random [true], UDS [true].
16-May-2025 18:51:51.110 INFO [main] org.apache.catalina.core.AprLifecycleListener.lifecycleEvent APR/OpenSSL configuration: useAprConnector [false], useOpenSSL [true]
16-May-2025 18:51:51.142 INFO [main] org.apache.catalina.core.AprLifecycleListener.initializeSSL OpenSSL successfully initialized [OpenSSL 3.0.14 4 Jun 2024]
16-May-2025 18:51:51.509 INFO [main] org.apache.coyote.AbstractProtocol.init Initializing ProtocolHandler ["http-nio-8080"]
16-May-2025 18:51:51.523 INFO [main] org.apache.catalina.startup.Catalina.load Server initialization in [659] milliseconds
16-May-2025 18:51:51.575 INFO [main] org.apache.catalina.core.StandardService.startInternal Starting service [Catalina]
16-May-2025 18:51:51.575 INFO [main] org.apache.catalina.core.StandardEngine.startInternal Starting Servlet engine: [Apache Tomcat/9.0.102]
16-May-2025 18:51:51.583 INFO [main] org.apache.catalina.startup.HostConfig.deployDescriptor Deploying deployment descriptor [C:\Users\yasir\IdeaProjects\secondHandCarPlatform\conf\Catalina\localhost\secondHandCarPlatform.xml]
16-May-2025 18:51:51.905 INFO [main] org.apache.jasper.servlet.TldScanner.scanJars At least one JAR was scanned for TLDs yet contained no TLDs. Enable debug logging for this logger for a complete list of JARs that were scanned but no TLDs were found in them. Skipping unneeded JARs during scanning can improve startup time and JSP compilation time.
16-May-2025 18:51:51.951 INFO [main] org.apache.catalina.startup.HostConfig.deployDescriptor Deployment of deployment descriptor [C:\Users\yasir\IdeaProjects\secondHandCarPlatform\conf\Catalina\localhost\secondHandCarPlatform.xml] has finished in [368] ms
16-May-2025 18:51:51.954 INFO [main] org.apache.coyote.AbstractProtocol.start Starting ProtocolHandler ["http-nio-8080"]
16-May-2025 18:51:51.975 INFO [main] org.apache.catalina.startup.Catalina.start Server startup in [449] milliseconds
16-May-2025 19:27:23.847 INFO [Thread-1] org.apache.coyote.AbstractProtocol.pause Pausing ProtocolHandler ["http-nio-8080"]
16-May-2025 19:27:23.896 INFO [Thread-1] org.apache.catalina.core.StandardService.stopInternal Stopping service [Catalina]
16-May-2025 19:27:24.057 INFO [Thread-1] org.apache.coyote.AbstractProtocol.stop Stopping ProtocolHandler ["http-nio-8080"]
16-May-2025 19:27:24.073 INFO [Thread-1] org.apache.coyote.AbstractProtocol.destroy Destroying ProtocolHandler ["http-nio-8080"]
16-May-2025 19:29:48.978 INFO [main] org.apache.catalina.startup.VersionLoggerListener.log Server version name:   Apache Tomcat/9.0.102
16-May-2025 19:29:48.981 INFO [main] org.apache.catalina.startup.VersionLoggerListener.log Server built:          Mar 3 2025 19:33:14 UTC
16-May-2025 19:29:48.981 INFO [main] org.apache.catalina.startup.VersionLoggerListener.log Server version number: 9.0.102.0
16-May-2025 19:29:48.981 INFO [main] org.apache.catalina.startup.VersionLoggerListener.log OS Name:               Windows 11
16-May-2025 19:29:48.981 INFO [main] org.apache.catalina.startup.VersionLoggerListener.log OS Version:            10.0
16-May-2025 19:29:48.982 INFO [main] org.apache.catalina.startup.VersionLoggerListener.log Architecture:          amd64
16-May-2025 19:29:48.982 INFO [main] org.apache.catalina.startup.VersionLoggerListener.log Java Home:             C:\Program Files\Java\jdk-23
16-May-2025 19:29:48.982 INFO [main] org.apache.catalina.startup.VersionLoggerListener.log JVM Version:           23+37-2369
16-May-2025 19:29:48.982 INFO [main] org.apache.catalina.startup.VersionLoggerListener.log JVM Vendor:            Oracle Corporation
16-May-2025 19:29:48.982 INFO [main] org.apache.catalina.startup.VersionLoggerListener.log CATALINA_BASE:         C:\Users\yasir\IdeaProjects\secondHandCarPlatform
16-May-2025 19:29:48.982 INFO [main] org.apache.catalina.startup.VersionLoggerListener.log CATALINA_HOME:         C:\apache-tomcat-server\apache-tomcat-9.0.102-windows-x64\apache-tomcat-9.0.102
16-May-2025 19:29:48.989 INFO [main] org.apache.catalina.startup.VersionLoggerListener.log Command line argument: --add-opens=java.base/java.lang=ALL-UNNAMED
16-May-2025 19:29:48.989 INFO [main] org.apache.catalina.startup.VersionLoggerListener.log Command line argument: --add-opens=java.base/java.io=ALL-UNNAMED
16-May-2025 19:29:48.989 INFO [main] org.apache.catalina.startup.VersionLoggerListener.log Command line argument: --add-opens=java.base/java.util=ALL-UNNAMED
16-May-2025 19:29:48.989 INFO [main] org.apache.catalina.startup.VersionLoggerListener.log Command line argument: --add-opens=java.base/java.util.concurrent=ALL-UNNAMED
16-May-2025 19:29:48.990 INFO [main] org.apache.catalina.startup.VersionLoggerListener.log Command line argument: --add-opens=java.rmi/sun.rmi.transport=ALL-UNNAMED
16-May-2025 19:29:48.990 INFO [main] org.apache.catalina.startup.VersionLoggerListener.log Command line argument: -Dcatalina.home=C:\apache-tomcat-server\apache-tomcat-9.0.102-windows-x64\apache-tomcat-9.0.102
16-May-2025 19:29:48.990 INFO [main] org.apache.catalina.startup.VersionLoggerListener.log Command line argument: -Dcatalina.base=C:\Users\yasir\IdeaProjects\secondHandCarPlatform
16-May-2025 19:29:48.990 INFO [main] org.apache.catalina.startup.VersionLoggerListener.log Command line argument: -Djava.io.tmpdir=C:\Users\yasir\IdeaProjects\secondHandCarPlatform\temp
16-May-2025 19:29:48.990 INFO [main] org.apache.catalina.startup.VersionLoggerListener.log Command line argument: -Djava.util.logging.config.file=C:\Users\yasir\IdeaProjects\secondHandCarPlatform\conf\logging.properties
16-May-2025 19:29:48.990 INFO [main] org.apache.catalina.startup.VersionLoggerListener.log Command line argument: -Djava.util.logging.manager=org.apache.juli.ClassLoaderLogManager
16-May-2025 19:29:48.990 INFO [main] org.apache.catalina.startup.VersionLoggerListener.log Command line argument: -javaagent:C:\Program Files\JetBrains\IntelliJ IDEA Community Edition 2024.3.3\lib\idea_rt.jar=63100:C:\Program Files\JetBrains\IntelliJ IDEA Community Edition 2024.3.3\bin
16-May-2025 19:29:48.990 INFO [main] org.apache.catalina.startup.VersionLoggerListener.log Command line argument: -Dfile.encoding=UTF-8
16-May-2025 19:29:48.990 INFO [main] org.apache.catalina.startup.VersionLoggerListener.log Command line argument: -Dsun.stdout.encoding=UTF-8
16-May-2025 19:29:48.990 INFO [main] org.apache.catalina.startup.VersionLoggerListener.log Command line argument: -Dsun.stderr.encoding=UTF-8
16-May-2025 19:29:48.998 INFO [main] org.apache.catalina.core.AprLifecycleListener.lifecycleEvent Loaded Apache Tomcat Native library [1.3.1] using APR version [1.7.4].
16-May-2025 19:29:48.998 INFO [main] org.apache.catalina.core.AprLifecycleListener.lifecycleEvent APR capabilities: IPv6 [true], sendfile [true], accept filters [false], random [true], UDS [true].
16-May-2025 19:29:48.998 INFO [main] org.apache.catalina.core.AprLifecycleListener.lifecycleEvent APR/OpenSSL configuration: useAprConnector [false], useOpenSSL [true]
16-May-2025 19:29:49.021 INFO [main] org.apache.catalina.core.AprLifecycleListener.initializeSSL OpenSSL successfully initialized [OpenSSL 3.0.14 4 Jun 2024]
16-May-2025 19:29:49.413 INFO [main] org.apache.coyote.AbstractProtocol.init Initializing ProtocolHandler ["http-nio-8080"]
16-May-2025 19:29:49.427 INFO [main] org.apache.catalina.startup.Catalina.load Server initialization in [683] milliseconds
16-May-2025 19:29:49.471 INFO [main] org.apache.catalina.core.StandardService.startInternal Starting service [Catalina]
16-May-2025 19:29:49.471 INFO [main] org.apache.catalina.core.StandardEngine.startInternal Starting Servlet engine: [Apache Tomcat/9.0.102]
16-May-2025 19:29:49.479 INFO [main] org.apache.catalina.startup.HostConfig.deployDescriptor Deploying deployment descriptor [C:\Users\yasir\IdeaProjects\secondHandCarPlatform\conf\Catalina\localhost\secondHandCarPlatform.xml]
16-May-2025 19:29:49.777 INFO [main] org.apache.jasper.servlet.TldScanner.scanJars At least one JAR was scanned for TLDs yet contained no TLDs. Enable debug logging for this logger for a complete list of JARs that were scanned but no TLDs were found in them. Skipping unneeded JARs during scanning can improve startup time and JSP compilation time.
16-May-2025 19:29:49.825 INFO [main] org.apache.catalina.startup.HostConfig.deployDescriptor Deployment of deployment descriptor [C:\Users\yasir\IdeaProjects\secondHandCarPlatform\conf\Catalina\localhost\secondHandCarPlatform.xml] has finished in [346] ms
16-May-2025 19:29:49.829 INFO [main] org.apache.coyote.AbstractProtocol.start Starting ProtocolHandler ["http-nio-8080"]
16-May-2025 19:29:49.849 INFO [main] org.apache.catalina.startup.Catalina.start Server startup in [421] milliseconds
